<?xml version="1.0" encoding="UTF-8"?>
<!-- Generated by org.testng.reporters.JUnitReportReporter -->
<testsuite hostname="DESKTOP-G9QJKRN" failures="0" tests="1" name="com.Zerodha.TestPackage.TC04_BuyTextBoxDefault1" time="23.804" errors="0" timestamp="2022-11-04T22:49:05 IST" skipped="0">
  <testcase classname="com.Zerodha.TestPackage.TC04_BuyTextBoxDefault1" name="VerifyBuyTextBoxDefault1" time="23.804"/>
  <system-out/>
</testsuite> <!-- com.Zerodha.TestPackage.TC04_BuyTextBoxDefault1 -->
