<?xml version="1.0" encoding="UTF-8"?>
<!-- Generated by org.testng.reporters.JUnitReportReporter -->
<testsuite hostname="DESKTOP-G9QJKRN" failures="0" tests="1" name="com.Zerodha.TestPackage.TC09_AMOVerify" time="32.865" errors="0" timestamp="2022-11-05T18:34:41 IST" skipped="0">
  <testcase classname="com.Zerodha.TestPackage.TC09_AMOVerify" name="VerifyAMO" time="32.865"/>
  <system-out/>
</testsuite> <!-- com.Zerodha.TestPackage.TC09_AMOVerify -->
