<?xml version="1.0" encoding="UTF-8"?>
<!-- Generated by org.testng.reporters.JUnitReportReporter -->
<testsuite hostname="DESKTOP-G9QJKRN" failures="0" tests="1" name="com.Zerodha.TestPackage.TC01_LoginFunctionalityVerify" time="17.150" errors="0" timestamp="2022-11-04T12:18:49 IST" skipped="0">
  <testcase classname="com.Zerodha.TestPackage.TC01_LoginFunctionalityVerify" name="verifyLogin" time="17.150"/>
  <system-out/>
</testsuite> <!-- com.Zerodha.TestPackage.TC01_LoginFunctionalityVerify -->
