<?xml version="1.0" encoding="UTF-8"?>
<!-- Generated by org.testng.reporters.JUnitReportReporter -->
<testsuite hostname="DESKTOP-G9QJKRN" failures="0" tests="1" name="com.Zerodha.TestPackage.TC03_BuyButtonVerify" time="43.012" errors="0" timestamp="2022-11-04T22:28:21 IST" skipped="0">
  <testcase classname="com.Zerodha.TestPackage.TC03_BuyButtonVerify" name="BuyButtonVerify" time="43.012"/>
  <system-out/>
</testsuite> <!-- com.Zerodha.TestPackage.TC03_BuyButtonVerify -->
