<?xml version="1.0" encoding="UTF-8"?>
<!-- Generated by org.testng.reporters.JUnitReportReporter -->
<testsuite hostname="DESKTOP-G9QJKRN" failures="0" tests="1" name="com.Zerodha.TestPackage.TC02_BuySellVerify" time="27.706" errors="0" timestamp="2022-11-04T13:51:11 IST" skipped="0">
  <testcase classname="com.Zerodha.TestPackage.TC02_BuySellVerify" name="verifyBuySell" time="27.706"/>
  <system-out/>
</testsuite> <!-- com.Zerodha.TestPackage.TC02_BuySellVerify -->
