<?xml version="1.0" encoding="UTF-8"?>
<!-- Generated by org.testng.reporters.JUnitReportReporter -->
<testsuite hostname="DESKTOP-G9QJKRN" failures="0" tests="1" name="com.Zerodha.TestPackage.TC05_BuyAndSellButtonVisibility" time="25.334" errors="0" timestamp="2022-11-05T17:02:13 IST" skipped="0">
  <testcase classname="com.Zerodha.TestPackage.TC05_BuyAndSellButtonVisibility" name="BuySellButtonVisibilityVerify" time="25.334"/>
  <system-out/>
</testsuite> <!-- com.Zerodha.TestPackage.TC05_BuyAndSellButtonVisibility -->
