<?xml version="1.0" encoding="UTF-8"?>
<!-- Generated by org.testng.reporters.JUnitReportReporter -->
<testsuite hostname="DESKTOP-G9QJKRN" failures="0" tests="1" name="com.Zerodha.TestPackage.TC08_PriceTextBoxEditableForLimitOrder" time="26.386" errors="0" timestamp="2022-11-05T17:44:27 IST" skipped="0">
  <testcase classname="com.Zerodha.TestPackage.TC08_PriceTextBoxEditableForLimitOrder" name="VerifyPriceTextboxEditableForLimitOrder" time="26.386"/>
  <system-out/>
</testsuite> <!-- com.Zerodha.TestPackage.TC08_PriceTextBoxEditableForLimitOrder -->
