<?xml version="1.0" encoding="UTF-8"?>
<!-- Generated by org.testng.reporters.JUnitReportReporter -->
<testsuite hostname="DESKTOP-G9QJKRN" failures="0" tests="1" name="com.Zerodha.TestPackage.TC02_AddToWatchListVerify" time="21.058" errors="0" timestamp="2022-11-04T14:11:10 IST" skipped="0">
  <testcase classname="com.Zerodha.TestPackage.TC02_AddToWatchListVerify" name="AddToWatchListVerify" time="21.058"/>
  <system-out/>
</testsuite> <!-- com.Zerodha.TestPackage.TC02_AddToWatchListVerify -->
